  Dijkstra.cpp
e:\الكلية\mini-wasalny\ds_final_project\ds_final_project\dijkstra.cpp(18): warning C4018: '<': signed/unsigned mismatch
e:\الكلية\mini-wasalny\ds_final_project\ds_final_project\dijkstra.cpp(39): warning C4018: '<': signed/unsigned mismatch
e:\الكلية\mini-wasalny\ds_final_project\ds_final_project\dijkstra.cpp(48): warning C4018: '<': signed/unsigned mismatch
e:\الكلية\mini-wasalny\ds_final_project\ds_final_project\dijkstra.cpp(57): warning C4018: '<': signed/unsigned mismatch
e:\الكلية\mini-wasalny\ds_final_project\ds_final_project\dijkstra.cpp(69): warning C4018: '<': signed/unsigned mismatch
e:\الكلية\mini-wasalny\ds_final_project\ds_final_project\dijkstra.cpp(71): warning C4018: '<': signed/unsigned mismatch
e:\الكلية\mini-wasalny\ds_final_project\ds_final_project\dijkstra.cpp(111): warning C4018: '<': signed/unsigned mismatch
  Edge.cpp
  Functions.cpp
e:\الكلية\mini-wasalny\ds_final_project\ds_final_project\functions.cpp(7): warning C4309: 'initializing': truncation of constant value
e:\الكلية\mini-wasalny\ds_final_project\ds_final_project\functions.cpp(235): warning C4018: '<': signed/unsigned mismatch
e:\الكلية\mini-wasalny\ds_final_project\ds_final_project\functions.cpp(247): warning C4018: '<': signed/unsigned mismatch
e:\الكلية\mini-wasalny\ds_final_project\ds_final_project\functions.cpp(256): warning C4018: '<': signed/unsigned mismatch
e:\الكلية\mini-wasalny\ds_final_project\ds_final_project\functions.cpp(268): warning C4018: '<': signed/unsigned mismatch
e:\الكلية\mini-wasalny\ds_final_project\ds_final_project\functions.cpp(283): warning C4018: '<': signed/unsigned mismatch
e:\الكلية\mini-wasalny\ds_final_project\ds_final_project\functions.cpp(296): warning C4018: '<': signed/unsigned mismatch
  Graph.cpp
  Input.cpp
  Shape.cpp
  Generating Code...
  Ds_Final_Project.vcxproj -> E:\الكلية\Mini-Wasalny\Ds_Final_Project\Debug\Ds_Final_Project.exe
